<?xml version="1.0" encoding="UTF-8"?>
<testng-results ignored="0" total="1" passed="1" failed="0" skipped="0">
  <reporter-output>
  </reporter-output>
  <suite started-at="2024-06-07T16:41:37 IST" name="Suite" finished-at="2024-06-07T16:41:41 IST" duration-ms="4619">
    <groups>
    </groups>
    <test started-at="2024-06-07T16:41:37 IST" name="Test" finished-at="2024-06-07T16:41:41 IST" duration-ms="4619">
      <class name="Launch.Login">
        <test-method is-config="true" signature="setUp()[pri:0, instance:Launch.Login@2a4fb17b]" started-at="2024-06-07T16:41:37 IST" name="setUp" finished-at="2024-06-07T16:41:40 IST" duration-ms="3644" status="PASS">
          <reporter-output>
          </reporter-output>
        </test-method> <!-- setUp -->
        <test-method signature="openBrowser()[pri:0, instance:Launch.Login@2a4fb17b]" started-at="2024-06-07T16:41:41 IST" name="openBrowser" finished-at="2024-06-07T16:41:41 IST" duration-ms="873" status="PASS">
          <reporter-output>
          </reporter-output>
        </test-method> <!-- openBrowser -->
        <test-method is-config="true" signature="tearDown()[pri:0, instance:Launch.Login@2a4fb17b]" started-at="2024-06-07T16:41:41 IST" name="tearDown" finished-at="2024-06-07T16:41:41 IST" duration-ms="2" status="PASS">
          <reporter-output>
          </reporter-output>
        </test-method> <!-- tearDown -->
      </class> <!-- Launch.Login -->
    </test> <!-- Test -->
  </suite> <!-- Suite -->
</testng-results>
