<?xml version="1.0" encoding="UTF-8"?>
<testng-results total="1" passed="1" failed="0" skipped="0">
  <reporter-output>
  </reporter-output>
  <suite started-at="2024-06-06T07:09:04Z" name="Default suite" finished-at="2024-06-06T07:09:15Z" duration-ms="11637">
    <groups>
    </groups>
    <test started-at="2024-06-06T07:09:04Z" name="Default test" finished-at="2024-06-06T07:09:15Z" duration-ms="11637">
      <class name="Login">
        <test-method is-config="true" signature="setUp()[pri:0, instance:Login@60db1c0e]" started-at="2024-06-06T12:39:04Z" name="setUp" finished-at="2024-06-06T12:39:13Z" duration-ms="9263" status="PASS">
          <reporter-output>
          </reporter-output>
        </test-method> <!-- setUp -->
        <test-method signature="openBrowser()[pri:0, instance:Login@60db1c0e]" started-at="2024-06-06T12:39:13Z" name="openBrowser" finished-at="2024-06-06T12:39:15Z" duration-ms="2343" status="PASS">
          <reporter-output>
          </reporter-output>
        </test-method> <!-- openBrowser -->
        <test-method is-config="true" signature="tearDown()[pri:0, instance:Login@60db1c0e]" started-at="2024-06-06T12:39:15Z" name="tearDown" finished-at="2024-06-06T12:39:15Z" duration-ms="0" status="PASS">
          <reporter-output>
          </reporter-output>
        </test-method> <!-- tearDown -->
      </class> <!-- Login -->
    </test> <!-- Default test -->
  </suite> <!-- Default suite -->
</testng-results>
